<testsuite name="Mocha Tests" tests="1" failures="0" errors="0" skipped="0" timestamp="Mon, 08 Jan 2018 12:09:25 GMT" time="0">
<testcase classname="Run some basic tests" name="should convert the XML file to a CSV file" time="0"/>
</testsuite>
